[2019-02-17 10:21:12.6080] - INFO - Reading from /Users/huntercaron/Documents/School/fourth-year/workshop/view/view.framerfx (origin); preserving existing contents of project folder: true
[2019-02-17 10:21:12.6230] - INFO - Done reading
[2019-02-17 10:21:12.6230] - INFO - Marking changed: false
[2019-02-17 10:21:14.5810] - INFO - GET 200 /design/document.json 0 B (10ms)
[2019-02-17 10:21:17.9520] - INFO - GET 200 /node_modules/framer/build/framer.debug.js 0 B (4ms)
[2019-02-17 10:21:20.3890] - INFO - GET 200 /node_modules/framer/build/framer.debug.js 0 B (11ms)
[2019-02-17 10:22:19.3270] - INFO - Backing up to /Users/huntercaron/Documents/School/fourth-year/workshop/view/view.framerfx/.backups/2019-02-17 10.22.19.zip
[2019-02-17 11:46:23.9040] - INFO - Backing up to /Users/huntercaron/Documents/School/fourth-year/workshop/view/view.framerfx/.backups/2019-02-17 11.46.23.zip
[2019-02-17 11:48:32.0510] - INFO - Marking changed: false
[2019-02-17 11:49:02.1660] - INFO - Reading from /Users/huntercaron/Documents/School/fourth-year/workshop/view/view.framerfx (origin); preserving existing contents of project folder: true
[2019-02-17 11:49:02.1820] - INFO - Done reading
[2019-02-17 11:49:02.1830] - INFO - Marking changed: false
[2019-02-17 11:49:03.3000] - INFO - GET 200 /design/document.json 0 B (12ms)
[2019-02-17 11:49:05.7950] - INFO - GET 200 /node_modules/framer/build/framer.debug.js 0 B (4ms)
[2019-02-17 11:50:02.7670] - INFO - Backing up to /Users/huntercaron/Documents/School/fourth-year/workshop/view/view.framerfx/.backups/2019-02-17 11.50.02.zip
[2019-02-17 11:51:02.8370] - INFO - Backing up to /Users/huntercaron/Documents/School/fourth-year/workshop/view/view.framerfx/.backups/2019-02-17 11.51.02.zip
[2019-02-17 11:52:02.8600] - INFO - Backing up to /Users/huntercaron/Documents/School/fourth-year/workshop/view/view.framerfx/.backups/2019-02-17 11.52.02.zip
[2019-02-17 11:53:03.8950] - INFO - Backing up to /Users/huntercaron/Documents/School/fourth-year/workshop/view/view.framerfx/.backups/2019-02-17 11.53.03.zip
[2019-02-17 11:54:04.8410] - INFO - Backing up to /Users/huntercaron/Documents/School/fourth-year/workshop/view/view.framerfx/.backups/2019-02-17 11.54.04.zip
[2019-02-17 11:54:53.4380] - INFO - Marking changed: false
[2019-02-17 11:55:00.0060] - INFO - Marking changed: false
[2019-02-17 11:55:04.8640] - INFO - Backing up to /Users/huntercaron/Documents/School/fourth-year/workshop/view/view.framerfx/.backups/2019-02-17 11.55.04.zip
[2019-02-17 11:57:05.7870] - INFO - Backing up to /Users/huntercaron/Documents/School/fourth-year/workshop/view/view.framerfx/.backups/2019-02-17 11.57.05.zip
[2019-02-17 11:57:59.1070] - INFO - Marking changed: false
[2019-02-17 11:58:05.8030] - INFO - Backing up to /Users/huntercaron/Documents/School/fourth-year/workshop/view/view.framerfx/.backups/2019-02-17 11.58.05.zip
[2019-02-17 11:58:05.8440] - INFO - Marking changed: false
[2019-02-17 12:09:40.9020] - INFO - Backing up to /Users/huntercaron/Documents/School/fourth-year/workshop/view/view.framerfx/.backups/2019-02-17 12.09.40.zip
[2019-02-17 12:10:03.9850] - INFO - Marking changed: false
[2019-02-17 12:10:41.0640] - INFO - Backing up to /Users/huntercaron/Documents/School/fourth-year/workshop/view/view.framerfx/.backups/2019-02-17 12.10.41.zip
[2019-02-17 12:11:41.9140] - INFO - Backing up to /Users/huntercaron/Documents/School/fourth-year/workshop/view/view.framerfx/.backups/2019-02-17 12.11.41.zip
[2019-02-17 12:12:42.8960] - INFO - Backing up to /Users/huntercaron/Documents/School/fourth-year/workshop/view/view.framerfx/.backups/2019-02-17 12.12.42.zip
[2019-02-17 12:13:43.9040] - INFO - Backing up to /Users/huntercaron/Documents/School/fourth-year/workshop/view/view.framerfx/.backups/2019-02-17 12.13.43.zip
[2019-02-17 12:38:53.7790] - INFO - Backing up to /Users/huntercaron/Documents/School/fourth-year/workshop/view/view.framerfx/.backups/2019-02-17 12.38.53.zip
[2019-02-17 12:39:53.9090] - INFO - Backing up to /Users/huntercaron/Documents/School/fourth-year/workshop/view/view.framerfx/.backups/2019-02-17 12.39.53.zip
[2019-02-17 12:39:55.5060] - INFO - Marking changed: false
[2019-02-17 12:40:08.0680] - INFO - Marking changed: false
[2019-02-17 12:40:54.5180] - INFO - Backing up to /Users/huntercaron/Documents/School/fourth-year/workshop/view/view.framerfx/.backups/2019-02-17 12.40.54.zip
[2019-02-17 13:38:10.7430] - INFO - Marking changed: false
[2019-02-17 13:38:13.1270] - INFO - Marking changed: false
[2019-02-17 13:39:10.9040] - INFO - Marking changed: false
[2019-02-17 13:39:13.5990] - INFO - Backing up to /Users/huntercaron/Documents/School/fourth-year/workshop/view/view.framerfx/.backups/2019-02-17 13.39.13.zip
[2019-02-17 13:39:25.9030] - INFO - Marking changed: false
[2019-02-17 13:39:44.2400] - INFO - Reading from /Users/huntercaron/Documents/School/fourth-year/workshop/view/view.framerfx (origin); preserving existing contents of project folder: true
[2019-02-17 13:39:44.2620] - INFO - Done reading
[2019-02-17 13:39:44.2620] - INFO - Marking changed: false
[2019-02-17 13:39:45.3400] - INFO - GET 200 /design/document.json 0 B (9ms)
[2019-02-17 13:39:47.6880] - INFO - GET 200 /node_modules/framer/build/framer.debug.js 0 B (4ms)
[2019-02-17 13:40:44.3100] - INFO - Backing up to /Users/huntercaron/Documents/School/fourth-year/workshop/view/view.framerfx/.backups/2019-02-17 13.40.44.zip
[2019-02-17 13:41:44.9630] - INFO - Backing up to /Users/huntercaron/Documents/School/fourth-year/workshop/view/view.framerfx/.backups/2019-02-17 13.41.44.zip
[2019-02-17 13:42:46.0180] - INFO - Backing up to /Users/huntercaron/Documents/School/fourth-year/workshop/view/view.framerfx/.backups/2019-02-17 13.42.46.zip
[2019-02-17 13:43:47.0200] - INFO - Backing up to /Users/huntercaron/Documents/School/fourth-year/workshop/view/view.framerfx/.backups/2019-02-17 13.43.47.zip
[2019-02-17 13:44:48.0330] - INFO - Backing up to /Users/huntercaron/Documents/School/fourth-year/workshop/view/view.framerfx/.backups/2019-02-17 13.44.48.zip
[2019-02-17 13:45:48.9800] - INFO - Backing up to /Users/huntercaron/Documents/School/fourth-year/workshop/view/view.framerfx/.backups/2019-02-17 13.45.48.zip
[2019-02-17 13:49:59.9860] - INFO - Backing up to /Users/huntercaron/Documents/School/fourth-year/workshop/view/view.framerfx/.backups/2019-02-17 13.49.59.zip
[2019-02-17 13:51:01.0250] - INFO - Backing up to /Users/huntercaron/Documents/School/fourth-year/workshop/view/view.framerfx/.backups/2019-02-17 13.51.01.zip
[2019-02-17 13:51:10.9840] - INFO - Marking changed: false
[2019-02-17 14:21:35.9900] - INFO - Backing up to /Users/huntercaron/Documents/School/fourth-year/workshop/view/view.framerfx/.backups/2019-02-17 14.21.35.zip
[2019-02-17 14:22:26.7190] - INFO - Marking changed: false
[2019-02-17 14:22:35.9890] - INFO - Marking changed: false
[2019-02-17 14:22:36.0410] - INFO - Backing up to /Users/huntercaron/Documents/School/fourth-year/workshop/view/view.framerfx/.backups/2019-02-17 14.22.36.zip
[2019-02-17 14:22:56.1000] - INFO - Marking changed: false
[2019-02-17 14:23:36.8010] - INFO - Backing up to /Users/huntercaron/Documents/School/fourth-year/workshop/view/view.framerfx/.backups/2019-02-17 14.23.36.zip
[2019-02-17 14:24:37.0440] - INFO - Backing up to /Users/huntercaron/Documents/School/fourth-year/workshop/view/view.framerfx/.backups/2019-02-17 14.24.37.zip
[2019-02-17 14:25:18.9670] - INFO - Marking changed: false
[2019-02-17 14:25:37.9730] - INFO - Backing up to /Users/huntercaron/Documents/School/fourth-year/workshop/view/view.framerfx/.backups/2019-02-17 14.25.37.zip
[2019-02-17 14:26:38.5430] - INFO - Backing up to /Users/huntercaron/Documents/School/fourth-year/workshop/view/view.framerfx/.backups/2019-02-17 14.26.38.zip
[2019-02-17 14:27:39.0420] - INFO - Backing up to /Users/huntercaron/Documents/School/fourth-year/workshop/view/view.framerfx/.backups/2019-02-17 14.27.39.zip
[2019-02-17 14:28:40.0530] - INFO - Backing up to /Users/huntercaron/Documents/School/fourth-year/workshop/view/view.framerfx/.backups/2019-02-17 14.28.40.zip
[2019-02-17 14:29:20.6540] - INFO - Marking changed: false
[2019-02-17 14:29:41.0580] - INFO - Backing up to /Users/huntercaron/Documents/School/fourth-year/workshop/view/view.framerfx/.backups/2019-02-17 14.29.41.zip
[2019-02-17 14:29:58.3340] - INFO - Marking changed: false
[2019-02-17 14:30:42.0500] - INFO - Backing up to /Users/huntercaron/Documents/School/fourth-year/workshop/view/view.framerfx/.backups/2019-02-17 14.30.42.zip
[2019-02-17 14:31:42.4710] - INFO - Backing up to /Users/huntercaron/Documents/School/fourth-year/workshop/view/view.framerfx/.backups/2019-02-17 14.31.42.zip
[2019-02-17 14:32:43.0500] - INFO - Backing up to /Users/huntercaron/Documents/School/fourth-year/workshop/view/view.framerfx/.backups/2019-02-17 14.32.43.zip
[2019-02-17 14:32:47.2700] - INFO - Marking changed: false
[2019-02-17 14:33:02.1900] - INFO - Marking changed: false
[2019-02-17 14:33:21.2140] - INFO - Marking changed: false
[2019-02-17 14:33:44.0480] - INFO - Backing up to /Users/huntercaron/Documents/School/fourth-year/workshop/view/view.framerfx/.backups/2019-02-17 14.33.44.zip
[2019-02-17 14:56:58.5750] - INFO - Marking changed: false
[2019-02-17 14:57:51.7430] - INFO - Backing up to /Users/huntercaron/Documents/School/fourth-year/workshop/view/view.framerfx/.backups/2019-02-17 14.57.51.zip
[2019-02-17 14:58:52.6480] - INFO - Backing up to /Users/huntercaron/Documents/School/fourth-year/workshop/view/view.framerfx/.backups/2019-02-17 14.58.52.zip
[2019-02-17 14:59:04.9230] - INFO - GET 200 /design/images/9efZVHK7pQhJKpwxiONm4c4xtE.png 1.15 MB (2ms)
[2019-02-17 14:59:33.9500] - INFO - Marking changed: false
[2019-02-17 14:59:53.4810] - INFO - Backing up to /Users/huntercaron/Documents/School/fourth-year/workshop/view/view.framerfx/.backups/2019-02-17 14.59.53.zip
[2019-02-17 15:00:18.3110] - INFO - Marking changed: false
[2019-02-17 15:00:52.1630] - INFO - Marking changed: false
[2019-02-17 15:00:53.6550] - INFO - Backing up to /Users/huntercaron/Documents/School/fourth-year/workshop/view/view.framerfx/.backups/2019-02-17 15.00.53.zip
[2019-02-17 15:01:03.5670] - INFO - Marking changed: false
[2019-02-17 15:01:54.7560] - INFO - Backing up to /Users/huntercaron/Documents/School/fourth-year/workshop/view/view.framerfx/.backups/2019-02-17 15.01.54.zip
[2019-02-17 15:02:12.6260] - INFO - Marking changed: false
[2019-02-17 15:02:20.4180] - INFO - Marking changed: false
[2019-02-17 15:02:55.7540] - INFO - Backing up to /Users/huntercaron/Documents/School/fourth-year/workshop/view/view.framerfx/.backups/2019-02-17 15.02.55.zip
[2019-02-17 15:03:13.3210] - INFO - Marking changed: false
[2019-02-17 15:07:58.7500] - INFO - Backing up to /Users/huntercaron/Documents/School/fourth-year/workshop/view/view.framerfx/.backups/2019-02-17 15.07.58.zip
[2019-02-17 15:09:59.7400] - INFO - Backing up to /Users/huntercaron/Documents/School/fourth-year/workshop/view/view.framerfx/.backups/2019-02-17 15.09.59.zip
[2019-02-17 15:10:15.9540] - INFO - Marking changed: false
[2019-02-17 15:11:00.6360] - INFO - Backing up to /Users/huntercaron/Documents/School/fourth-year/workshop/view/view.framerfx/.backups/2019-02-17 15.11.00.zip
[2019-02-17 15:13:46.4530] - INFO - Marking changed: false
[2019-02-17 15:14:02.3730] - INFO - Backing up to /Users/huntercaron/Documents/School/fourth-year/workshop/view/view.framerfx/.backups/2019-02-17 15.14.02.zip
[2019-02-17 15:14:02.5070] - INFO - Marking changed: false
[2019-02-17 15:14:08.1290] - INFO - Marking changed: false
[2019-02-17 15:14:17.9480] - INFO - Marking changed: false
[2019-02-17 15:14:18.4990] - INFO - Marking changed: false
[2019-02-17 15:14:56.9670] - INFO - Marking changed: false
[2019-02-17 15:15:02.5320] - INFO - Backing up to /Users/huntercaron/Documents/School/fourth-year/workshop/view/view.framerfx/.backups/2019-02-17 15.15.02.zip
[2019-02-17 15:15:17.4680] - INFO - Marking changed: false
[2019-02-17 15:16:02.7390] - INFO - Backing up to /Users/huntercaron/Documents/School/fourth-year/workshop/view/view.framerfx/.backups/2019-02-17 15.16.02.zip
[2019-02-17 15:17:03.1160] - INFO - Backing up to /Users/huntercaron/Documents/School/fourth-year/workshop/view/view.framerfx/.backups/2019-02-17 15.17.03.zip
[2019-02-17 15:17:23.4310] - INFO - Marking changed: false
[2019-02-17 15:18:03.7570] - INFO - Backing up to /Users/huntercaron/Documents/School/fourth-year/workshop/view/view.framerfx/.backups/2019-02-17 15.18.03.zip
[2019-02-17 15:19:04.7480] - INFO - Backing up to /Users/huntercaron/Documents/School/fourth-year/workshop/view/view.framerfx/.backups/2019-02-17 15.19.04.zip
[2019-02-17 15:19:53.9770] - INFO - Marking changed: false
[2019-02-17 15:20:05.7990] - INFO - Backing up to /Users/huntercaron/Documents/School/fourth-year/workshop/view/view.framerfx/.backups/2019-02-17 15.20.05.zip
[2019-02-17 15:21:06.7570] - INFO - Backing up to /Users/huntercaron/Documents/School/fourth-year/workshop/view/view.framerfx/.backups/2019-02-17 15.21.06.zip
[2019-02-17 15:21:21.8630] - INFO - Marking changed: false
[2019-02-17 15:21:29.9690] - INFO - Marking changed: false
[2019-02-17 15:21:47.8010] - INFO - Marking changed: false
[2019-02-17 15:22:07.7800] - INFO - Backing up to /Users/huntercaron/Documents/School/fourth-year/workshop/view/view.framerfx/.backups/2019-02-17 15.22.07.zip
[2019-02-17 15:22:17.1190] - INFO - Marking changed: false
[2019-02-17 15:23:04.8140] - INFO - Marking changed: false
[2019-02-17 15:23:08.7680] - INFO - Backing up to /Users/huntercaron/Documents/School/fourth-year/workshop/view/view.framerfx/.backups/2019-02-17 15.23.08.zip
[2019-02-17 15:24:07.1850] - INFO - Marking changed: false
[2019-02-17 15:24:09.6140] - INFO - Backing up to /Users/huntercaron/Documents/School/fourth-year/workshop/view/view.framerfx/.backups/2019-02-17 15.24.09.zip
[2019-02-17 15:24:14.5330] - INFO - Marking changed: false
[2019-02-17 15:24:50.5370] - INFO - Marking changed: false
[2019-02-17 15:25:10.7600] - INFO - Backing up to /Users/huntercaron/Documents/School/fourth-year/workshop/view/view.framerfx/.backups/2019-02-17 15.25.10.zip
[2019-02-17 15:25:17.3040] - INFO - Marking changed: false
[2019-02-17 15:26:07.3290] - INFO - Marking changed: false
[2019-02-17 15:26:07.8670] - INFO - Marking changed: false
[2019-02-17 15:26:11.5980] - INFO - Backing up to /Users/huntercaron/Documents/School/fourth-year/workshop/view/view.framerfx/.backups/2019-02-17 15.26.11.zip
[2019-02-17 15:26:15.8710] - INFO - Marking changed: false
[2019-02-17 15:26:23.2370] - INFO - Marking changed: false
[2019-02-17 15:27:12.7550] - INFO - Backing up to /Users/huntercaron/Documents/School/fourth-year/workshop/view/view.framerfx/.backups/2019-02-17 15.27.12.zip
[2019-02-17 15:27:31.2760] - INFO - Marking changed: false
[2019-02-17 15:28:13.5940] - INFO - Backing up to /Users/huntercaron/Documents/School/fourth-year/workshop/view/view.framerfx/.backups/2019-02-17 15.28.13.zip
[2019-02-17 15:34:19.3610] - INFO - Backing up to /Users/huntercaron/Documents/School/fourth-year/workshop/view/view.framerfx/.backups/2019-02-17 15.34.19.zip
[2019-02-17 15:34:56.1660] - INFO - Marking changed: false
[2019-02-17 15:34:59.9690] - INFO - Marking changed: false
[2019-02-17 15:35:05.9840] - INFO - Marking changed: false
[2019-02-17 15:35:11.2620] - INFO - Marking changed: false
[2019-02-17 15:35:19.5940] - INFO - Backing up to /Users/huntercaron/Documents/School/fourth-year/workshop/view/view.framerfx/.backups/2019-02-17 15.35.19.zip
[2019-02-17 15:35:23.1560] - INFO - Marking changed: false
[2019-02-17 15:35:30.6410] - INFO - Marking changed: false
[2019-02-17 15:38:12.5630] - INFO - Marking changed: false
[2019-02-17 15:38:14.9460] - INFO - Marking changed: false
[2019-02-17 15:38:29.2000] - INFO - Marking changed: false
[2019-02-17 15:38:31.6430] - INFO - Marking changed: false
[2019-02-17 15:46:30.2620] - INFO - Marking changed: false
[2019-02-17 15:46:34.2750] - INFO - Marking changed: false
[2019-02-17 15:46:35.4040] - INFO - Backing up to /Users/huntercaron/Documents/School/fourth-year/workshop/view/view.framerfx/.backups/2019-02-17 15.46.35.zip
[2019-02-17 15:47:08.5590] - INFO - Marking changed: false
[2019-02-17 15:47:35.5620] - INFO - Backing up to /Users/huntercaron/Documents/School/fourth-year/workshop/view/view.framerfx/.backups/2019-02-17 15.47.35.zip
[2019-02-17 15:50:38.5290] - INFO - Backing up to /Users/huntercaron/Documents/School/fourth-year/workshop/view/view.framerfx/.backups/2019-02-17 15.50.38.zip
[2019-02-17 15:51:39.5450] - INFO - Backing up to /Users/huntercaron/Documents/School/fourth-year/workshop/view/view.framerfx/.backups/2019-02-17 15.51.39.zip
[2019-02-17 15:52:06.7060] - INFO - Marking changed: false
[2019-02-17 15:52:40.7950] - INFO - Backing up to /Users/huntercaron/Documents/School/fourth-year/workshop/view/view.framerfx/.backups/2019-02-17 15.52.40.zip
[2019-02-17 15:53:10.8510] - INFO - Marking changed: false
[2019-02-17 15:53:41.8360] - INFO - Backing up to /Users/huntercaron/Documents/School/fourth-year/workshop/view/view.framerfx/.backups/2019-02-17 15.53.41.zip
[2019-02-17 15:54:42.4740] - INFO - Backing up to /Users/huntercaron/Documents/School/fourth-year/workshop/view/view.framerfx/.backups/2019-02-17 15.54.42.zip
[2019-02-17 15:55:05.7550] - INFO - Marking changed: false
[2019-02-17 15:55:42.8090] - INFO - Backing up to /Users/huntercaron/Documents/School/fourth-year/workshop/view/view.framerfx/.backups/2019-02-17 15.55.42.zip
[2019-02-17 15:55:45.2070] - INFO - Marking changed: false
[2019-02-17 15:55:48.3060] - INFO - Marking changed: false
[2019-02-17 15:56:43.5430] - INFO - Backing up to /Users/huntercaron/Documents/School/fourth-year/workshop/view/view.framerfx/.backups/2019-02-17 15.56.43.zip
[2019-02-17 16:27:33.9980] - INFO - Marking changed: false
[2019-02-17 16:28:03.4900] - INFO - Backing up to /Users/huntercaron/Documents/School/fourth-year/workshop/view/view.framerfx/.backups/2019-02-17 16.28.03.zip
[2019-02-17 16:29:04.2630] - INFO - Backing up to /Users/huntercaron/Documents/School/fourth-year/workshop/view/view.framerfx/.backups/2019-02-17 16.29.04.zip
[2019-02-17 16:29:16.5430] - INFO - Marking changed: false
[2019-02-17 16:29:19.1150] - INFO - Marking changed: false
[2019-02-17 16:29:40.5020] - INFO - Marking changed: false
[2019-02-17 16:30:04.7480] - INFO - Backing up to /Users/huntercaron/Documents/School/fourth-year/workshop/view/view.framerfx/.backups/2019-02-17 16.30.04.zip
[2019-02-17 16:30:16.6740] - INFO - Marking changed: false
[2019-02-17 16:31:03.7990] - INFO - Marking changed: false
[2019-02-17 16:31:04.9300] - INFO - Backing up to /Users/huntercaron/Documents/School/fourth-year/workshop/view/view.framerfx/.backups/2019-02-17 16.31.04.zip
[2019-02-17 16:31:11.7360] - INFO - Marking changed: false
[2019-02-17 16:31:16.9190] - INFO - Marking changed: false
[2019-02-17 16:31:21.1340] - INFO - Marking changed: false
[2019-02-17 16:31:30.3370] - INFO - Marking changed: false
[2019-02-17 16:31:55.4280] - INFO - Marking changed: false
[2019-02-17 16:31:58.1200] - INFO - Marking changed: false
[2019-02-17 16:32:05.1870] - INFO - Backing up to /Users/huntercaron/Documents/School/fourth-year/workshop/view/view.framerfx/.backups/2019-02-17 16.32.05.zip
[2019-02-17 16:32:09.9440] - INFO - Marking changed: false
[2019-02-17 16:32:59.2700] - INFO - Marking changed: false
[2019-02-17 16:33:04.4600] - INFO - Marking changed: false
[2019-02-17 16:33:05.4790] - INFO - Backing up to /Users/huntercaron/Documents/School/fourth-year/workshop/view/view.framerfx/.backups/2019-02-17 16.33.05.zip
[2019-02-17 16:33:27.9210] - INFO - Marking changed: false
[2019-02-17 16:48:39.0030] - INFO - Backing up to /Users/huntercaron/Documents/School/fourth-year/workshop/view/view.framerfx/.backups/2019-02-17 16.48.39.zip
[2019-02-17 16:49:39.4440] - INFO - Backing up to /Users/huntercaron/Documents/School/fourth-year/workshop/view/view.framerfx/.backups/2019-02-17 16.49.39.zip
[2019-02-17 16:53:40.9670] - INFO - Backing up to /Users/huntercaron/Documents/School/fourth-year/workshop/view/view.framerfx/.backups/2019-02-17 16.53.40.zip
[2019-02-17 16:54:41.6040] - INFO - Backing up to /Users/huntercaron/Documents/School/fourth-year/workshop/view/view.framerfx/.backups/2019-02-17 16.54.41.zip
[2019-02-17 16:55:42.7380] - INFO - Backing up to /Users/huntercaron/Documents/School/fourth-year/workshop/view/view.framerfx/.backups/2019-02-17 16.55.42.zip
[2019-02-17 16:56:01.9760] - INFO - Marking changed: false
[2019-02-17 16:56:43.8520] - INFO - Backing up to /Users/huntercaron/Documents/School/fourth-year/workshop/view/view.framerfx/.backups/2019-02-17 16.56.43.zip
[2019-02-17 16:57:06.2350] - INFO - Marking changed: false
[2019-02-17 16:57:17.8450] - INFO - Marking changed: false
[2019-02-17 16:57:44.3590] - INFO - Backing up to /Users/huntercaron/Documents/School/fourth-year/workshop/view/view.framerfx/.backups/2019-02-17 16.57.44.zip
